[2025-09-22T08:26:52.516+0000] {taskinstance.py:1956} INFO - Dependencies all met for dep_context=non-requeueable deps ti=<TaskInstance: dag_mockup_test_raw_data_a1.insert_mock_data scheduled__2025-09-22T07:00:00+00:00 [queued]>
[2025-09-22T08:26:52.522+0000] {taskinstance.py:1956} INFO - Dependencies all met for dep_context=requeueable deps ti=<TaskInstance: dag_mockup_test_raw_data_a1.insert_mock_data scheduled__2025-09-22T07:00:00+00:00 [queued]>
[2025-09-22T08:26:52.522+0000] {taskinstance.py:2170} INFO - Starting attempt 1 of 1
[2025-09-22T08:26:52.532+0000] {taskinstance.py:2191} INFO - Executing <Task(PythonOperator): insert_mock_data> on 2025-09-22 07:00:00+00:00
[2025-09-22T08:26:52.536+0000] {standard_task_runner.py:60} INFO - Started process 80 to run task
[2025-09-22T08:26:52.540+0000] {standard_task_runner.py:87} INFO - Running: ['***', 'tasks', 'run', 'dag_mockup_test_raw_data_a1', 'insert_mock_data', 'scheduled__2025-09-22T07:00:00+00:00', '--job-id', '4', '--raw', '--subdir', 'DAGS_FOLDER/moc_data_flow.py', '--cfg-path', '/tmp/tmpooemkbxr']
[2025-09-22T08:26:52.542+0000] {standard_task_runner.py:88} INFO - Job 4: Subtask insert_mock_data
[2025-09-22T08:26:52.582+0000] {task_command.py:423} INFO - Running <TaskInstance: dag_mockup_test_raw_data_a1.insert_mock_data scheduled__2025-09-22T07:00:00+00:00 [running]> on host 9f4ac1287961
[2025-09-22T08:26:52.634+0000] {taskinstance.py:2480} INFO - Exporting env vars: AIRFLOW_CTX_DAG_OWNER='***' AIRFLOW_CTX_DAG_ID='dag_mockup_test_raw_data_a1' AIRFLOW_CTX_TASK_ID='insert_mock_data' AIRFLOW_CTX_EXECUTION_DATE='2025-09-22T07:00:00+00:00' AIRFLOW_CTX_TRY_NUMBER='1' AIRFLOW_CTX_DAG_RUN_ID='scheduled__2025-09-22T07:00:00+00:00'
[2025-09-22T08:26:56.638+0000] {taskinstance.py:2698} ERROR - Task failed with exception
Traceback (most recent call last):
  File "/home/airflow/.local/lib/python3.8/site-packages/airflow/models/taskinstance.py", line 433, in _execute_task
    result = execute_callable(context=context, **execute_callable_kwargs)
  File "/home/airflow/.local/lib/python3.8/site-packages/airflow/operators/python.py", line 199, in execute
    return_value = self.execute_callable()
  File "/home/airflow/.local/lib/python3.8/site-packages/airflow/operators/python.py", line 216, in execute_callable
    return self.python_callable(*self.op_args, **self.op_kwargs)
  File "/opt/airflow/dags/moc_data_flow.py", line 9, in insert_mock_data
    conn = psycopg2.connect(
  File "/home/airflow/.local/lib/python3.8/site-packages/psycopg2/__init__.py", line 122, in connect
    conn = _connect(dsn, connection_factory=connection_factory, **kwasync)
psycopg2.OperationalError: could not translate host name "your_host" to address: No address associated with hostname

[2025-09-22T08:26:56.647+0000] {taskinstance.py:1138} INFO - Marking task as FAILED. dag_id=dag_mockup_test_raw_data_a1, task_id=insert_mock_data, execution_date=20250922T070000, start_date=20250922T082652, end_date=20250922T082656
[2025-09-22T08:26:56.658+0000] {standard_task_runner.py:107} ERROR - Failed to execute job 4 for task insert_mock_data (could not translate host name "your_host" to address: No address associated with hostname
; 80)
[2025-09-22T08:26:56.688+0000] {local_task_job_runner.py:234} INFO - Task exited with return code 1
[2025-09-22T08:26:56.699+0000] {taskinstance.py:3280} INFO - 0 downstream tasks scheduled from follow-on schedule check
[2025-09-22T08:30:28.168+0000] {taskinstance.py:1956} INFO - Dependencies all met for dep_context=non-requeueable deps ti=<TaskInstance: dag_mockup_test_raw_data_a1.insert_mock_data scheduled__2025-09-22T07:00:00+00:00 [queued]>
[2025-09-22T08:30:28.172+0000] {taskinstance.py:1956} INFO - Dependencies all met for dep_context=requeueable deps ti=<TaskInstance: dag_mockup_test_raw_data_a1.insert_mock_data scheduled__2025-09-22T07:00:00+00:00 [queued]>
[2025-09-22T08:30:28.173+0000] {taskinstance.py:2170} INFO - Starting attempt 1 of 1
[2025-09-22T08:30:28.180+0000] {taskinstance.py:2191} INFO - Executing <Task(PythonOperator): insert_mock_data> on 2025-09-22 07:00:00+00:00
[2025-09-22T08:30:28.184+0000] {standard_task_runner.py:60} INFO - Started process 86 to run task
[2025-09-22T08:30:28.187+0000] {standard_task_runner.py:87} INFO - Running: ['***', 'tasks', 'run', 'dag_mockup_test_raw_data_a1', 'insert_mock_data', 'scheduled__2025-09-22T07:00:00+00:00', '--job-id', '4', '--raw', '--subdir', 'DAGS_FOLDER/moc_data_flow.py', '--cfg-path', '/tmp/tmpptkziqix']
[2025-09-22T08:30:28.190+0000] {standard_task_runner.py:88} INFO - Job 4: Subtask insert_mock_data
[2025-09-22T08:30:28.231+0000] {task_command.py:423} INFO - Running <TaskInstance: dag_mockup_test_raw_data_a1.insert_mock_data scheduled__2025-09-22T07:00:00+00:00 [running]> on host 3f0a9d8e9fbe
[2025-09-22T08:30:28.279+0000] {taskinstance.py:2480} INFO - Exporting env vars: AIRFLOW_CTX_DAG_OWNER='***' AIRFLOW_CTX_DAG_ID='dag_mockup_test_raw_data_a1' AIRFLOW_CTX_TASK_ID='insert_mock_data' AIRFLOW_CTX_EXECUTION_DATE='2025-09-22T07:00:00+00:00' AIRFLOW_CTX_TRY_NUMBER='1' AIRFLOW_CTX_DAG_RUN_ID='scheduled__2025-09-22T07:00:00+00:00'
[2025-09-22T08:30:28.331+0000] {taskinstance.py:2698} ERROR - Task failed with exception
Traceback (most recent call last):
  File "/home/airflow/.local/lib/python3.8/site-packages/airflow/models/taskinstance.py", line 433, in _execute_task
    result = execute_callable(context=context, **execute_callable_kwargs)
  File "/home/airflow/.local/lib/python3.8/site-packages/airflow/operators/python.py", line 199, in execute
    return_value = self.execute_callable()
  File "/home/airflow/.local/lib/python3.8/site-packages/airflow/operators/python.py", line 216, in execute_callable
    return self.python_callable(*self.op_args, **self.op_kwargs)
  File "/opt/airflow/dags/moc_data_flow.py", line 35, in insert_mock_data
    cursor.execute(
psycopg2.errors.UndefinedColumn: column "runtime" of relation "test_raw_data_a1" does not exist
LINE 3:         (runTime, downTime, quantity_FG, quantity_ALL, speed...
                 ^

[2025-09-22T08:30:28.339+0000] {taskinstance.py:1138} INFO - Marking task as FAILED. dag_id=dag_mockup_test_raw_data_a1, task_id=insert_mock_data, execution_date=20250922T070000, start_date=20250922T083028, end_date=20250922T083028
[2025-09-22T08:30:28.347+0000] {standard_task_runner.py:107} ERROR - Failed to execute job 4 for task insert_mock_data (column "runtime" of relation "test_raw_data_a1" does not exist
LINE 3:         (runTime, downTime, quantity_FG, quantity_ALL, speed...
                 ^
; 86)
[2025-09-22T08:30:28.360+0000] {local_task_job_runner.py:234} INFO - Task exited with return code 1
[2025-09-22T08:30:28.370+0000] {taskinstance.py:3280} INFO - 0 downstream tasks scheduled from follow-on schedule check
[2025-09-22T08:36:06.409+0000] {taskinstance.py:1956} INFO - Dependencies all met for dep_context=non-requeueable deps ti=<TaskInstance: dag_mockup_test_raw_data_a1.insert_mock_data scheduled__2025-09-22T07:00:00+00:00 [queued]>
[2025-09-22T08:36:06.413+0000] {taskinstance.py:1956} INFO - Dependencies all met for dep_context=requeueable deps ti=<TaskInstance: dag_mockup_test_raw_data_a1.insert_mock_data scheduled__2025-09-22T07:00:00+00:00 [queued]>
[2025-09-22T08:36:06.413+0000] {taskinstance.py:2170} INFO - Starting attempt 1 of 1
[2025-09-22T08:36:06.420+0000] {taskinstance.py:2191} INFO - Executing <Task(PythonOperator): insert_mock_data> on 2025-09-22 07:00:00+00:00
[2025-09-22T08:36:06.425+0000] {standard_task_runner.py:60} INFO - Started process 78 to run task
[2025-09-22T08:36:06.427+0000] {standard_task_runner.py:87} INFO - Running: ['***', 'tasks', 'run', 'dag_mockup_test_raw_data_a1', 'insert_mock_data', 'scheduled__2025-09-22T07:00:00+00:00', '--job-id', '4', '--raw', '--subdir', 'DAGS_FOLDER/moc_data_flow.py', '--cfg-path', '/tmp/tmpxv87n06w']
[2025-09-22T08:36:06.429+0000] {standard_task_runner.py:88} INFO - Job 4: Subtask insert_mock_data
[2025-09-22T08:36:06.467+0000] {task_command.py:423} INFO - Running <TaskInstance: dag_mockup_test_raw_data_a1.insert_mock_data scheduled__2025-09-22T07:00:00+00:00 [running]> on host 6245f81df034
[2025-09-22T08:36:06.514+0000] {taskinstance.py:2480} INFO - Exporting env vars: AIRFLOW_CTX_DAG_OWNER='***' AIRFLOW_CTX_DAG_ID='dag_mockup_test_raw_data_a1' AIRFLOW_CTX_TASK_ID='insert_mock_data' AIRFLOW_CTX_EXECUTION_DATE='2025-09-22T07:00:00+00:00' AIRFLOW_CTX_TRY_NUMBER='1' AIRFLOW_CTX_DAG_RUN_ID='scheduled__2025-09-22T07:00:00+00:00'
[2025-09-22T08:36:06.563+0000] {taskinstance.py:2698} ERROR - Task failed with exception
Traceback (most recent call last):
  File "/home/airflow/.local/lib/python3.8/site-packages/airflow/models/taskinstance.py", line 433, in _execute_task
    result = execute_callable(context=context, **execute_callable_kwargs)
  File "/home/airflow/.local/lib/python3.8/site-packages/airflow/operators/python.py", line 199, in execute
    return_value = self.execute_callable()
  File "/home/airflow/.local/lib/python3.8/site-packages/airflow/operators/python.py", line 216, in execute_callable
    return self.python_callable(*self.op_args, **self.op_kwargs)
  File "/opt/airflow/dags/moc_data_flow.py", line 35, in insert_mock_data
    cursor.execute(
psycopg2.errors.StringDataRightTruncation: value too long for type character(1)

[2025-09-22T08:36:06.571+0000] {taskinstance.py:1138} INFO - Marking task as FAILED. dag_id=dag_mockup_test_raw_data_a1, task_id=insert_mock_data, execution_date=20250922T070000, start_date=20250922T083606, end_date=20250922T083606
[2025-09-22T08:36:06.578+0000] {standard_task_runner.py:107} ERROR - Failed to execute job 4 for task insert_mock_data (value too long for type character(1)
; 78)
[2025-09-22T08:36:06.600+0000] {local_task_job_runner.py:234} INFO - Task exited with return code 1
[2025-09-22T08:36:06.610+0000] {taskinstance.py:3280} INFO - 0 downstream tasks scheduled from follow-on schedule check
