[2025-09-22T08:33:11.597+0000] {taskinstance.py:1956} INFO - Dependencies all met for dep_context=non-requeueable deps ti=<TaskInstance: dag_mockup_test_raw_data_a1.insert_mock_data manual__2025-09-22T08:33:10.411257+00:00 [queued]>
[2025-09-22T08:33:11.602+0000] {taskinstance.py:1956} INFO - Dependencies all met for dep_context=requeueable deps ti=<TaskInstance: dag_mockup_test_raw_data_a1.insert_mock_data manual__2025-09-22T08:33:10.411257+00:00 [queued]>
[2025-09-22T08:33:11.603+0000] {taskinstance.py:2170} INFO - Starting attempt 1 of 1
[2025-09-22T08:33:11.612+0000] {taskinstance.py:2191} INFO - Executing <Task(PythonOperator): insert_mock_data> on 2025-09-22 08:33:10.411257+00:00
[2025-09-22T08:33:11.616+0000] {standard_task_runner.py:60} INFO - Started process 130 to run task
[2025-09-22T08:33:11.619+0000] {standard_task_runner.py:87} INFO - Running: ['***', 'tasks', 'run', 'dag_mockup_test_raw_data_a1', 'insert_mock_data', 'manual__2025-09-22T08:33:10.411257+00:00', '--job-id', '5', '--raw', '--subdir', 'DAGS_FOLDER/moc_data_flow.py', '--cfg-path', '/tmp/tmp1vgljedf']
[2025-09-22T08:33:11.622+0000] {standard_task_runner.py:88} INFO - Job 5: Subtask insert_mock_data
[2025-09-22T08:33:11.662+0000] {task_command.py:423} INFO - Running <TaskInstance: dag_mockup_test_raw_data_a1.insert_mock_data manual__2025-09-22T08:33:10.411257+00:00 [running]> on host 3f0a9d8e9fbe
[2025-09-22T08:33:11.706+0000] {taskinstance.py:2480} INFO - Exporting env vars: AIRFLOW_CTX_DAG_OWNER='***' AIRFLOW_CTX_DAG_ID='dag_mockup_test_raw_data_a1' AIRFLOW_CTX_TASK_ID='insert_mock_data' AIRFLOW_CTX_EXECUTION_DATE='2025-09-22T08:33:10.411257+00:00' AIRFLOW_CTX_TRY_NUMBER='1' AIRFLOW_CTX_DAG_RUN_ID='manual__2025-09-22T08:33:10.411257+00:00'
[2025-09-22T08:33:11.761+0000] {taskinstance.py:2698} ERROR - Task failed with exception
Traceback (most recent call last):
  File "/home/airflow/.local/lib/python3.8/site-packages/airflow/models/taskinstance.py", line 433, in _execute_task
    result = execute_callable(context=context, **execute_callable_kwargs)
  File "/home/airflow/.local/lib/python3.8/site-packages/airflow/operators/python.py", line 199, in execute
    return_value = self.execute_callable()
  File "/home/airflow/.local/lib/python3.8/site-packages/airflow/operators/python.py", line 216, in execute_callable
    return self.python_callable(*self.op_args, **self.op_kwargs)
  File "/opt/airflow/dags/moc_data_flow.py", line 35, in insert_mock_data
    cursor.execute(
psycopg2.errors.UndefinedColumn: column "runtime" of relation "test_raw_data_a1" does not exist
LINE 3:         (runTime, downTime, quantity_FG, quantity_ALL, speed...
                 ^

[2025-09-22T08:33:11.769+0000] {taskinstance.py:1138} INFO - Marking task as FAILED. dag_id=dag_mockup_test_raw_data_a1, task_id=insert_mock_data, execution_date=20250922T083310, start_date=20250922T083311, end_date=20250922T083311
[2025-09-22T08:33:11.787+0000] {standard_task_runner.py:107} ERROR - Failed to execute job 5 for task insert_mock_data (column "runtime" of relation "test_raw_data_a1" does not exist
LINE 3:         (runTime, downTime, quantity_FG, quantity_ALL, speed...
                 ^
; 130)
[2025-09-22T08:33:11.832+0000] {local_task_job_runner.py:234} INFO - Task exited with return code 1
[2025-09-22T08:33:11.843+0000] {taskinstance.py:3280} INFO - 0 downstream tasks scheduled from follow-on schedule check
